<?xml version="1.0" encoding="UTF-8"?>
<testng-results ignored="0" total="1" passed="1" failed="0" skipped="0">
  <reporter-output>
  </reporter-output>
  <suite started-at="2020-10-29T17:30:18Z" name="Amazon Automation Script " finished-at="2020-10-29T17:30:22Z" duration-ms="3942">
    <groups>
    </groups>
    <test started-at="2020-10-29T17:30:18Z" name="Amazon Home" finished-at="2020-10-29T17:30:22Z" duration-ms="3942">
      <class name="homeAmazonSecondLevelUsingParameter.HomeAmazonSecondLevelUsingParameter">
        <test-method is-config="true" signature="setUp(java.lang.String)[pri:0, instance:homeAmazonSecondLevelUsingParameter.HomeAmazonSecondLevelUsingParameter@543e710e]" started-at="2020-10-29T17:30:18Z" name="setUp" finished-at="2020-10-29T17:30:21Z" duration-ms="2762" status="PASS">
          <params>
            <param index="0">
              <value>
                <![CDATA[https://www.amazon.com]]>
              </value>
            </param>
          </params>
          <reporter-output>
          </reporter-output>
        </test-method> <!-- setUp -->
        <test-method signature="testSearchFewItems()[pri:0, instance:homeAmazonSecondLevelUsingParameter.HomeAmazonSecondLevelUsingParameter@543e710e]" started-at="2020-10-29T17:30:21Z" name="testSearchFewItems" finished-at="2020-10-29T17:30:22Z" duration-ms="1111" status="PASS">
          <reporter-output>
          </reporter-output>
        </test-method> <!-- testSearchFewItems -->
        <test-method is-config="true" signature="cleanUp()[pri:0, instance:homeAmazonSecondLevelUsingParameter.HomeAmazonSecondLevelUsingParameter@543e710e]" started-at="2020-10-29T17:30:22Z" name="cleanUp" finished-at="2020-10-29T17:30:22Z" duration-ms="58" status="PASS">
          <reporter-output>
          </reporter-output>
        </test-method> <!-- cleanUp -->
      </class> <!-- homeAmazonSecondLevelUsingParameter.HomeAmazonSecondLevelUsingParameter -->
    </test> <!-- Amazon Home -->
  </suite> <!-- Amazon Automation Script  -->
</testng-results>
